%!Adobe-FontList 1.22
%Locale:0x409

%BeginFont
Handler:DirectoryHandler
FontType:Invalid
OutlineFileName:/Users/nathalia.santos/Creative Cloud Files/TecToy Sunmi/ARQUIVOS BACKUP/PRODUTOS/LAYOUT/D2 MINI/MANUAL/FASE 6 - AF/Document fonts/AdobeFnt22.lst
FileLength:2080
FileModTime:649696821
%EndFont

%BeginFont
Handler:DirectoryHandler
FontType:TrueType
FontName:CenturyGothic
FamilyName:Century Gothic
StyleName:Regular
MenuName:Century Gothic
StyleBits:0
WeightClass:400
WidthClass:5
AngleClass:0
FullName:Century Gothic
WritingScript:Roman
OutlineFileName:/Users/nathalia.santos/Creative Cloud Files/TecToy Sunmi/ARQUIVOS BACKUP/PRODUTOS/LAYOUT/D2 MINI/MANUAL/FASE 6 - AF/Document fonts/GOTHIC.TTF
DataFormat:sfntData
hasSVG:no
VariableFontType:NonVariableFont
FileLength:137568
FileModTime:615934897
NameArray:0,Mac,4,Century Gothic
NameArray:0,Win,1,Century Gothic
%EndFont

%BeginFont
Handler:DirectoryHandler
FontType:TrueType
FontName:CenturyGothic-Bold
FamilyName:Century Gothic
StyleName:Bold
MenuName:Century Gothic
StyleBits:2
WeightClass:700
WidthClass:5
AngleClass:0
FullName:Century Gothic Bold
WritingScript:Roman
OutlineFileName:/Users/nathalia.santos/Creative Cloud Files/TecToy Sunmi/ARQUIVOS BACKUP/PRODUTOS/LAYOUT/D2 MINI/MANUAL/FASE 6 - AF/Document fonts/GOTHICB.TTF
DataFormat:sfntData
hasSVG:no
VariableFontType:NonVariableFont
FileLength:129676
FileModTime:615934897
NameArray:0,Mac,4,Century Gothic Bold
NameArray:0,Win,1,Century Gothic
%EndFont

%BeginFont
Handler:DirectoryHandler
FontType:Type1
FontName:MyriadPro-Bold
FamilyName:Myriad Pro
StyleName:Bold
MenuName:Myriad Pro
StyleBits:2
WeightClass:700
WidthClass:5
AngleClass:0
FullName:Myriad Pro Bold
WritingScript:Roman
OutlineFileName:/Users/nathalia.santos/Creative Cloud Files/TecToy Sunmi/ARQUIVOS BACKUP/PRODUTOS/LAYOUT/D2 MINI/MANUAL/FASE 6 - AF/Document fonts/MyriadPro-Bold.otf
DataFormat:sfntData
UsesStandardEncoding:yes
isCFF:yes
hasSVG:no
VariableFontType:NonVariableFont
FileLength:81436
FileModTime:643598985
NameArray:0,Mac,4,Myriad Pro Bold
NameArray:0,Win,1,Myriad Pro
%EndFont

